TN:
SF:src/adapters/inbound/grpc/CatalogGrpcHandler.ts
FN:47,loadProtoDefinition
FN:66,productToGrpc
FN:85,productStatusToGrpc
FN:105,(anonymous_3)
FN:137,(anonymous_4)
FN:138,(anonymous_5)
FN:142,(anonymous_6)
FN:167,(anonymous_7)
FN:168,(anonymous_8)
FN:169,(anonymous_9)
FN:182,(anonymous_10)
FN:218,(anonymous_11)
FN:241,(anonymous_12)
FN:283,(anonymous_13)
FN:314,(anonymous_14)
FN:359,(anonymous_15)
FN:389,(anonymous_16)
FN:428,(anonymous_17)
FN:454,(anonymous_18)
FNF:19
FNH:0
FNDA:0,loadProtoDefinition
FNDA:0,productToGrpc
FNDA:0,productStatusToGrpc
FNDA:0,(anonymous_3)
FNDA:0,(anonymous_4)
FNDA:0,(anonymous_5)
FNDA:0,(anonymous_6)
FNDA:0,(anonymous_7)
FNDA:0,(anonymous_8)
FNDA:0,(anonymous_9)
FNDA:0,(anonymous_10)
FNDA:0,(anonymous_11)
FNDA:0,(anonymous_12)
FNDA:0,(anonymous_13)
FNDA:0,(anonymous_14)
FNDA:0,(anonymous_15)
FNDA:0,(anonymous_16)
FNDA:0,(anonymous_17)
FNDA:0,(anonymous_18)
DA:10,0
DA:19,0
DA:22,0
DA:23,0
DA:48,0
DA:59,0
DA:67,0
DA:86,0
DA:92,0
DA:99,0
DA:111,0
DA:112,0
DA:113,0
DA:114,0
DA:117,0
DA:119,0
DA:121,0
DA:130,0
DA:138,0
DA:139,0
DA:143,0
DA:144,0
DA:145,0
DA:149,0
DA:151,0
DA:152,0
DA:153,0
DA:156,0
DA:159,0
DA:160,0
DA:161,0
DA:168,0
DA:169,0
DA:170,0
DA:171,0
DA:173,0
DA:186,0
DA:188,0
DA:189,0
DA:190,0
DA:192,0
DA:205,0
DA:206,0
DA:208,0
DA:210,0
DA:211,0
DA:212,0
DA:213,0
DA:214,0
DA:222,0
DA:224,0
DA:225,0
DA:226,0
DA:228,0
DA:229,0
DA:231,0
DA:233,0
DA:234,0
DA:235,0
DA:236,0
DA:237,0
DA:245,0
DA:247,0
DA:248,0
DA:249,0
DA:250,0
DA:252,0
DA:253,0
DA:254,0
DA:255,0
DA:256,0
DA:262,0
DA:263,0
DA:264,0
DA:265,0
DA:268,0
DA:270,0
DA:271,0
DA:273,0
DA:275,0
DA:276,0
DA:277,0
DA:278,0
DA:279,0
DA:287,0
DA:289,0
DA:290,0
DA:291,0
DA:298,0
DA:299,0
DA:301,0
DA:306,0
DA:307,0
DA:308,0
DA:309,0
DA:310,0
DA:318,0
DA:319,0
DA:321,0
DA:322,0
DA:323,0
DA:324,0
DA:325,0
DA:327,0
DA:355,0
DA:356,0
DA:357,0
DA:359,0
DA:370,0
DA:380,0
DA:381,0
DA:382,0
DA:383,0
DA:384,0
DA:385,0
DA:393,0
DA:395,0
DA:396,0
DA:397,0
DA:399,0
DA:406,0
DA:408,0
DA:417,0
DA:418,0
DA:419,0
DA:420,0
DA:429,0
DA:430,0
DA:431,0
DA:433,0
DA:435,0
DA:437,0
DA:439,0
DA:441,0
DA:444,0
DA:446,0
DA:448,0
DA:451,0
DA:455,0
DA:457,0
DA:459,0
DA:461,0
DA:464,0
LF:143
LH:0
BRDA:92,0,0,0
BRDA:92,0,1,0
BRDA:143,1,0,0
BRDA:170,2,0,0
BRDA:194,3,0,0
BRDA:194,3,1,0
BRDA:196,4,0,0
BRDA:196,4,1,0
BRDA:197,5,0,0
BRDA:197,5,1,0
BRDA:198,6,0,0
BRDA:198,6,1,0
BRDA:201,7,0,0
BRDA:201,7,1,0
BRDA:202,8,0,0
BRDA:202,8,1,0
BRDA:211,9,0,0
BRDA:211,9,1,0
BRDA:213,10,0,0
BRDA:213,10,1,0
BRDA:234,11,0,0
BRDA:234,11,1,0
BRDA:236,12,0,0
BRDA:236,12,1,0
BRDA:253,13,0,0
BRDA:254,14,0,0
BRDA:255,15,0,0
BRDA:257,16,0,0
BRDA:257,16,1,0
BRDA:258,17,0,0
BRDA:258,17,1,0
BRDA:259,18,0,0
BRDA:259,18,1,0
BRDA:262,19,0,0
BRDA:263,20,0,0
BRDA:264,21,0,0
BRDA:276,22,0,0
BRDA:276,22,1,0
BRDA:278,23,0,0
BRDA:278,23,1,0
BRDA:293,24,0,0
BRDA:293,24,1,0
BRDA:294,25,0,0
BRDA:294,25,1,0
BRDA:303,26,0,0
BRDA:303,26,1,0
BRDA:307,27,0,0
BRDA:307,27,1,0
BRDA:309,28,0,0
BRDA:309,28,1,0
BRDA:328,29,0,0
BRDA:328,29,1,0
BRDA:330,30,0,0
BRDA:330,30,1,0
BRDA:331,31,0,0
BRDA:331,31,1,0
BRDA:332,32,0,0
BRDA:332,32,1,0
BRDA:332,33,0,0
BRDA:332,33,1,0
BRDA:334,34,0,0
BRDA:334,34,1,0
BRDA:335,35,0,0
BRDA:335,35,1,0
BRDA:336,36,0,0
BRDA:336,36,1,0
BRDA:339,37,0,0
BRDA:339,37,1,0
BRDA:340,38,0,0
BRDA:340,38,1,0
BRDA:341,39,0,0
BRDA:341,39,1,0
BRDA:344,40,0,0
BRDA:344,40,1,0
BRDA:346,41,0,0
BRDA:346,41,1,0
BRDA:347,42,0,0
BRDA:347,42,1,0
BRDA:349,43,0,0
BRDA:349,43,1,0
BRDA:350,44,0,0
BRDA:350,44,1,0
BRDA:382,45,0,0
BRDA:382,45,1,0
BRDA:384,46,0,0
BRDA:384,46,1,0
BRDA:402,47,0,0
BRDA:402,47,1,0
BRDA:403,48,0,0
BRDA:403,48,1,0
BRDA:417,49,0,0
BRDA:417,49,1,0
BRDA:419,50,0,0
BRDA:419,50,1,0
BRDA:429,51,0,0
BRDA:431,52,0,0
BRDA:431,52,1,0
BRDA:431,52,2,0
BRDA:431,52,3,0
BRDA:431,52,4,0
BRDA:431,52,5,0
BRDA:431,52,6,0
BRDA:431,52,7,0
BRDA:431,52,8,0
BRDA:455,53,0,0
BRDA:455,53,1,0
BRDA:455,53,2,0
BRDA:455,53,3,0
BRDA:455,53,4,0
BRDA:457,54,0,0
BRDA:457,54,1,0
BRF:111
BRH:0
end_of_record
TN:
SF:src/adapters/inbound/rest/CatalogController.ts
FN:74,(anonymous_1)
FN:88,(anonymous_2)
FN:129,(anonymous_3)
FN:136,(anonymous_4)
FN:144,(anonymous_5)
FN:148,(anonymous_6)
FN:153,(anonymous_7)
FN:167,(anonymous_8)
FN:191,(anonymous_9)
FN:214,(anonymous_10)
FN:241,(anonymous_11)
FN:268,(anonymous_12)
FN:291,(anonymous_13)
FN:300,(anonymous_14)
FN:322,(anonymous_15)
FN:373,(anonymous_16)
FN:407,(anonymous_17)
FN:447,(anonymous_18)
FN:476,(anonymous_19)
FN:518,(anonymous_20)
FN:548,(anonymous_21)
FN:647,(anonymous_22)
FNF:22
FNH:0
FNDA:0,(anonymous_1)
FNDA:0,(anonymous_2)
FNDA:0,(anonymous_3)
FNDA:0,(anonymous_4)
FNDA:0,(anonymous_5)
FNDA:0,(anonymous_6)
FNDA:0,(anonymous_7)
FNDA:0,(anonymous_8)
FNDA:0,(anonymous_9)
FNDA:0,(anonymous_10)
FNDA:0,(anonymous_11)
FNDA:0,(anonymous_12)
FNDA:0,(anonymous_13)
FNDA:0,(anonymous_14)
FNDA:0,(anonymous_15)
FNDA:0,(anonymous_16)
FNDA:0,(anonymous_17)
FNDA:0,(anonymous_18)
FNDA:0,(anonymous_19)
FNDA:0,(anonymous_20)
FNDA:0,(anonymous_21)
FNDA:0,(anonymous_22)
DA:10,0
DA:15,0
DA:16,0
DA:17,0
DA:20,0
DA:32,0
DA:38,0
DA:48,0
DA:68,0
DA:72,0
DA:79,0
DA:80,0
DA:81,0
DA:89,0
DA:96,0
DA:102,0
DA:116,0
DA:122,0
DA:125,0
DA:126,0
DA:130,0
DA:131,0
DA:132,0
DA:137,0
DA:145,0
DA:148,0
DA:149,0
DA:153,0
DA:155,0
DA:167,0
DA:171,0
DA:191,0
DA:195,0
DA:214,0
DA:218,0
DA:241,0
DA:245,0
DA:268,0
DA:272,0
DA:291,0
DA:304,0
DA:306,0
DA:307,0
DA:311,0
DA:312,0
DA:314,0
DA:316,0
DA:317,0
DA:318,0
DA:326,0
DA:327,0
DA:329,0
DA:330,0
DA:331,0
DA:335,0
DA:354,0
DA:355,0
DA:356,0
DA:358,0
DA:366,0
DA:367,0
DA:368,0
DA:369,0
DA:377,0
DA:379,0
DA:380,0
DA:381,0
DA:383,0
DA:396,0
DA:397,0
DA:399,0
DA:401,0
DA:402,0
DA:403,0
DA:411,0
DA:413,0
DA:414,0
DA:415,0
DA:416,0
DA:418,0
DA:419,0
DA:420,0
DA:421,0
DA:422,0
DA:428,0
DA:429,0
DA:430,0
DA:431,0
DA:434,0
DA:436,0
DA:437,0
DA:439,0
DA:441,0
DA:442,0
DA:443,0
DA:451,0
DA:453,0
DA:454,0
DA:455,0
DA:456,0
DA:457,0
DA:459,0
DA:461,0
DA:462,0
DA:464,0
DA:471,0
DA:472,0
DA:480,0
DA:482,0
DA:483,0
DA:484,0
DA:486,0
DA:493,0
DA:494,0
DA:496,0
DA:497,0
DA:499,0
DA:508,0
DA:509,0
DA:510,0
DA:530,0
DA:549,0
DA:550,0
DA:557,0
DA:560,0
DA:561,0
DA:568,0
DA:571,0
DA:572,0
DA:579,0
DA:582,0
DA:583,0
DA:590,0
DA:593,0
DA:594,0
DA:601,0
DA:604,0
DA:605,0
DA:612,0
DA:615,0
DA:616,0
DA:623,0
DA:626,0
DA:627,0
DA:634,0
DA:638,0
DA:648,0
DA:649,0
DA:650,0
DA:651,0
DA:654,0
LF:151
LH:0
BRDA:130,0,0,0
BRDA:145,1,0,0
BRDA:317,2,0,0
BRDA:317,2,1,0
BRDA:332,3,0,0
BRDA:332,3,1,0
BRDA:336,4,0,0
BRDA:336,4,1,0
BRDA:338,5,0,0
BRDA:338,5,1,0
BRDA:341,6,0,0
BRDA:341,6,1,0
BRDA:342,7,0,0
BRDA:342,7,1,0
BRDA:342,8,0,0
BRDA:342,8,1,0
BRDA:346,9,0,0
BRDA:346,9,1,0
BRDA:348,10,0,0
BRDA:348,10,1,0
BRDA:349,11,0,0
BRDA:349,11,1,0
BRDA:368,12,0,0
BRDA:368,12,1,0
BRDA:385,13,0,0
BRDA:385,13,1,0
BRDA:387,14,0,0
BRDA:387,14,1,0
BRDA:388,15,0,0
BRDA:388,15,1,0
BRDA:389,16,0,0
BRDA:389,16,1,0
BRDA:392,17,0,0
BRDA:392,17,1,0
BRDA:393,18,0,0
BRDA:393,18,1,0
BRDA:402,19,0,0
BRDA:402,19,1,0
BRDA:419,20,0,0
BRDA:420,21,0,0
BRDA:421,22,0,0
BRDA:423,23,0,0
BRDA:423,23,1,0
BRDA:424,24,0,0
BRDA:424,24,1,0
BRDA:425,25,0,0
BRDA:425,25,1,0
BRDA:428,26,0,0
BRDA:429,27,0,0
BRDA:430,28,0,0
BRDA:442,29,0,0
BRDA:442,29,1,0
BRDA:471,30,0,0
BRDA:471,30,1,0
BRDA:488,31,0,0
BRDA:488,31,1,0
BRDA:489,32,0,0
BRDA:489,32,1,0
BRDA:496,33,0,0
BRDA:496,33,1,0
BRDA:509,34,0,0
BRDA:509,34,1,0
BRDA:549,35,0,0
BRDA:560,36,0,0
BRDA:571,37,0,0
BRDA:582,38,0,0
BRDA:593,39,0,0
BRDA:604,40,0,0
BRDA:615,41,0,0
BRDA:626,42,0,0
BRDA:648,43,0,0
BRDA:648,43,1,0
BRDA:648,43,2,0
BRDA:648,43,3,0
BRDA:648,43,4,0
BRF:75
BRH:0
end_of_record
TN:
SF:src/adapters/outbound/identity/SpiffeAdapter.ts
FN:41,(anonymous_1)
FN:50,(anonymous_2)
FN:75,(anonymous_3)
FN:87,(anonymous_4)
FN:91,(anonymous_5)
FN:95,(anonymous_6)
FN:103,(anonymous_7)
FN:115,(anonymous_8)
FN:153,(anonymous_9)
FN:173,(anonymous_10)
FN:176,(anonymous_11)
FNF:11
FNH:0
FNDA:0,(anonymous_1)
FNDA:0,(anonymous_2)
FNDA:0,(anonymous_3)
FNDA:0,(anonymous_4)
FNDA:0,(anonymous_5)
FNDA:0,(anonymous_6)
FNDA:0,(anonymous_7)
FNDA:0,(anonymous_8)
FNDA:0,(anonymous_9)
FNDA:0,(anonymous_10)
FNDA:0,(anonymous_11)
DA:8,0
DA:35,0
DA:38,0
DA:39,0
DA:42,0
DA:43,0
DA:51,0
DA:52,0
DA:53,0
DA:56,0
DA:57,0
DA:58,0
DA:59,0
DA:67,0
DA:71,0
DA:76,0
DA:77,0
DA:78,0
DA:80,0
DA:88,0
DA:92,0
DA:96,0
DA:97,0
DA:104,0
DA:120,0
DA:121,0
DA:124,0
DA:128,0
DA:129,0
DA:130,0
DA:131,0
DA:135,0
DA:141,0
DA:145,0
DA:164,0
DA:170,0
DA:175,0
DA:176,0
DA:177,0
DA:178,0
DA:179,0
DA:181,0
LF:42
LH:0
BRDA:51,0,0,0
BRDA:68,1,0,0
BRDA:68,1,1,0
BRDA:76,2,0,0
BRDA:92,3,0,0
BRDA:92,3,1,0
BRDA:96,4,0,0
BRDA:96,4,1,0
BRDA:120,5,0,0
BRDA:129,6,0,0
BRDA:142,7,0,0
BRDA:142,7,1,0
BRDA:182,8,0,0
BRDA:182,8,1,0
BRF:14
BRH:0
end_of_record
TN:
SF:src/adapters/outbound/observability/OtelAdapter.ts
FN:41,(anonymous_10)
FN:48,(anonymous_11)
FN:51,(anonymous_12)
FN:76,(anonymous_13)
FN:84,(anonymous_14)
FN:85,(anonymous_15)
FN:86,(anonymous_16)
FN:87,(anonymous_17)
FN:88,(anonymous_18)
FN:89,(anonymous_19)
FN:136,(anonymous_20)
FN:140,(anonymous_21)
FN:149,(anonymous_22)
FN:161,(anonymous_23)
FN:178,(anonymous_24)
FN:182,(anonymous_25)
FN:189,(anonymous_26)
FN:197,(anonymous_27)
FN:205,(anonymous_28)
FN:213,(anonymous_29)
FNF:20
FNH:0
FNDA:0,(anonymous_10)
FNDA:0,(anonymous_11)
FNDA:0,(anonymous_12)
FNDA:0,(anonymous_13)
FNDA:0,(anonymous_14)
FNDA:0,(anonymous_15)
FNDA:0,(anonymous_16)
FNDA:0,(anonymous_17)
FNDA:0,(anonymous_18)
FNDA:0,(anonymous_19)
FNDA:0,(anonymous_20)
FNDA:0,(anonymous_21)
FNDA:0,(anonymous_22)
FNDA:0,(anonymous_23)
FNDA:0,(anonymous_24)
FNDA:0,(anonymous_25)
FNDA:0,(anonymous_26)
FNDA:0,(anonymous_27)
FNDA:0,(anonymous_28)
FNDA:0,(anonymous_29)
DA:9,0
DA:11,0
DA:31,0
DA:34,0
DA:37,0
DA:38,0
DA:39,0
DA:42,0
DA:44,0
DA:49,0
DA:53,0
DA:54,0
DA:55,0
DA:56,0
DA:62,0
DA:67,0
DA:68,0
DA:77,0
DA:78,0
DA:79,0
DA:82,0
DA:84,0
DA:85,0
DA:86,0
DA:87,0
DA:88,0
DA:89,0
DA:91,0
DA:95,0
DA:103,0
DA:108,0
DA:114,0
DA:117,0
DA:120,0
DA:122,0
DA:123,0
DA:125,0
DA:137,0
DA:145,0
DA:146,0
DA:150,0
DA:151,0
DA:152,0
DA:154,0
DA:162,0
DA:164,0
DA:168,0
DA:173,0
DA:179,0
DA:183,0
DA:190,0
DA:198,0
DA:206,0
DA:214,0
DA:215,0
DA:216,0
DA:217,0
DA:219,0
LF:58
LH:0
BRDA:46,0,0,0
BRDA:46,0,1,0
BRDA:54,1,0,0
BRDA:67,2,0,0
BRDA:77,3,0,0
BRDA:91,4,0,0
BRDA:91,4,1,0
BRDA:95,5,0,0
BRDA:95,5,1,0
BRDA:114,6,0,0
BRDA:126,7,0,0
BRDA:126,7,1,0
BRDA:142,8,0,0
BRDA:150,9,0,0
BRDA:214,10,0,0
BRDA:220,11,0,0
BRDA:220,11,1,0
BRF:17
BRH:0
end_of_record
TN:
SF:src/adapters/outbound/persistence/PostgresProductRepo.ts
FN:41,(anonymous_0)
FN:49,(anonymous_1)
FN:67,(anonymous_2)
FN:72,(anonymous_3)
FN:76,(anonymous_4)
FN:79,(anonymous_5)
FN:88,(anonymous_6)
FN:102,(anonymous_7)
FN:108,(anonymous_8)
FN:150,(anonymous_9)
FN:157,(anonymous_10)
FN:174,(anonymous_11)
FN:197,(anonymous_12)
FN:228,(anonymous_13)
FN:232,(anonymous_14)
FN:245,(anonymous_15)
FN:251,(anonymous_16)
FN:263,(anonymous_17)
FN:288,(anonymous_18)
FN:304,(anonymous_19)
FNF:20
FNH:0
FNDA:0,(anonymous_0)
FNDA:0,(anonymous_1)
FNDA:0,(anonymous_2)
FNDA:0,(anonymous_3)
FNDA:0,(anonymous_4)
FNDA:0,(anonymous_5)
FNDA:0,(anonymous_6)
FNDA:0,(anonymous_7)
FNDA:0,(anonymous_8)
FNDA:0,(anonymous_9)
FNDA:0,(anonymous_10)
FNDA:0,(anonymous_11)
FNDA:0,(anonymous_12)
FNDA:0,(anonymous_13)
FNDA:0,(anonymous_14)
FNDA:0,(anonymous_15)
FNDA:0,(anonymous_16)
FNDA:0,(anonymous_17)
FNDA:0,(anonymous_18)
FNDA:0,(anonymous_19)
DA:8,0
DA:10,0
DA:38,0
DA:42,0
DA:50,0
DA:54,0
DA:58,0
DA:60,0
DA:61,0
DA:64,0
DA:68,0
DA:69,0
DA:72,0
DA:73,0
DA:74,0
DA:76,0
DA:80,0
DA:82,0
DA:83,0
DA:85,0
DA:89,0
DA:94,0
DA:99,0
DA:103,0
DA:104,0
DA:105,0
DA:109,0
DA:110,0
DA:111,0
DA:113,0
DA:114,0
DA:115,0
DA:118,0
DA:119,0
DA:120,0
DA:123,0
DA:124,0
DA:125,0
DA:128,0
DA:129,0
DA:131,0
DA:138,0
DA:139,0
DA:140,0
DA:143,0
DA:145,0
DA:149,0
DA:150,0
DA:160,0
DA:165,0
DA:166,0
DA:167,0
DA:170,0
DA:175,0
DA:182,0
DA:184,0
DA:185,0
DA:190,0
DA:198,0
DA:221,0
DA:229,0
DA:233,0
DA:234,0
DA:235,0
DA:237,0
DA:246,0
DA:247,0
DA:248,0
DA:252,0
DA:258,0
DA:259,0
DA:260,0
DA:264,0
DA:271,0
DA:284,0
DA:285,0
DA:289,0
DA:301,0
DA:305,0
LF:79
LH:0
BRDA:49,0,0,0
BRDA:50,1,0,0
BRDA:50,1,1,0
BRDA:54,2,0,0
BRDA:54,2,1,0
BRDA:60,3,0,0
BRDA:68,4,0,0
BRDA:82,5,0,0
BRDA:96,6,0,0
BRDA:96,6,1,0
BRDA:99,7,0,0
BRDA:99,7,1,0
BRDA:105,8,0,0
BRDA:105,8,1,0
BRDA:113,9,0,0
BRDA:118,10,0,0
BRDA:123,11,0,0
BRDA:140,12,0,0
BRDA:140,12,1,0
BRDA:143,13,0,0
BRDA:143,13,1,0
BRDA:145,14,0,0
BRDA:145,14,1,0
BRDA:145,15,0,0
BRDA:145,15,1,0
BRDA:184,16,0,0
BRDA:248,17,0,0
BRDA:248,17,1,0
BRF:28
BRH:0
end_of_record
TN:
SF:src/adapters/outbound/search/MeilisearchAdapter.ts
FN:60,(anonymous_0)
FN:72,(anonymous_1)
FN:78,(anonymous_2)
FN:83,(anonymous_3)
FN:92,(anonymous_4)
FN:129,(anonymous_5)
FN:134,(anonymous_6)
FN:138,(anonymous_7)
FN:145,(anonymous_8)
FN:155,(anonymous_9)
FN:168,(anonymous_10)
FN:194,(anonymous_11)
FN:202,(anonymous_12)
FN:208,(anonymous_13)
FN:228,(anonymous_14)
FN:251,(anonymous_15)
FN:265,(anonymous_16)
FN:281,(anonymous_17)
FN:285,(anonymous_18)
FN:300,(anonymous_19)
FN:324,(anonymous_20)
FN:328,(anonymous_21)
FNF:22
FNH:0
FNDA:0,(anonymous_0)
FNDA:0,(anonymous_1)
FNDA:0,(anonymous_2)
FNDA:0,(anonymous_3)
FNDA:0,(anonymous_4)
FNDA:0,(anonymous_5)
FNDA:0,(anonymous_6)
FNDA:0,(anonymous_7)
FNDA:0,(anonymous_8)
FNDA:0,(anonymous_9)
FNDA:0,(anonymous_10)
FNDA:0,(anonymous_11)
FNDA:0,(anonymous_12)
FNDA:0,(anonymous_13)
FNDA:0,(anonymous_14)
FNDA:0,(anonymous_15)
FNDA:0,(anonymous_16)
FNDA:0,(anonymous_17)
FNDA:0,(anonymous_18)
FNDA:0,(anonymous_19)
FNDA:0,(anonymous_20)
FNDA:0,(anonymous_21)
DA:8,0
DA:17,0
DA:18,0
DA:55,0
DA:58,0
DA:61,0
DA:65,0
DA:73,0
DA:74,0
DA:75,0
DA:79,0
DA:80,0
DA:82,0
DA:83,0
DA:85,0
DA:86,0
DA:87,0
DA:88,0
DA:93,0
DA:94,0
DA:97,0
DA:98,0
DA:100,0
DA:115,0
DA:120,0
DA:122,0
DA:123,0
DA:130,0
DA:131,0
DA:139,0
DA:140,0
DA:141,0
DA:145,0
DA:147,0
DA:156,0
DA:157,0
DA:158,0
DA:160,0
DA:169,0
DA:170,0
DA:173,0
DA:175,0
DA:178,0
DA:181,0
DA:184,0
DA:188,0
DA:191,0
DA:195,0
DA:198,0
DA:200,0
DA:201,0
DA:202,0
DA:204,0
DA:207,0
DA:208,0
DA:209,0
DA:212,0
DA:213,0
DA:216,0
DA:221,0
DA:222,0
DA:225,0
DA:229,0
DA:231,0
DA:233,0
DA:235,0
DA:238,0
DA:241,0
DA:252,0
DA:266,0
DA:285,0
DA:294,0
DA:295,0
DA:296,0
DA:297,0
DA:298,0
DA:299,0
DA:300,0
DA:309,0
DA:310,0
DA:311,0
DA:315,0
DA:325,0
DA:329,0
DA:330,0
DA:331,0
DA:333,0
LF:87
LH:0
BRDA:79,0,0,0
BRDA:102,1,0,0
BRDA:102,1,1,0
BRDA:103,2,0,0
BRDA:103,2,1,0
BRDA:105,3,0,0
BRDA:105,3,1,0
BRDA:112,4,0,0
BRDA:112,4,1,0
BRDA:122,5,0,0
BRDA:122,5,1,0
BRDA:169,6,0,0
BRDA:200,7,0,0
BRDA:200,8,0,0
BRDA:200,8,1,0
BRDA:207,9,0,0
BRDA:207,10,0,0
BRDA:207,10,1,0
BRDA:212,11,0,0
BRDA:221,12,0,0
BRDA:229,13,0,0
BRDA:229,13,1,0
BRDA:229,13,2,0
BRDA:229,13,3,0
BRDA:229,13,4,0
BRDA:229,13,5,0
BRDA:288,14,0,0
BRDA:288,14,1,0
BRDA:290,15,0,0
BRDA:290,15,1,0
BRDA:295,16,0,0
BRDA:295,17,0,0
BRDA:295,17,1,0
BRDA:298,18,0,0
BRDA:309,19,0,0
BRDA:309,19,1,0
BRDA:310,20,0,0
BRDA:310,20,1,0
BRDA:311,21,0,0
BRDA:311,21,1,0
BRDA:317,22,0,0
BRDA:317,22,1,0
BRDA:331,23,0,0
BRDA:331,23,1,0
BRF:44
BRH:0
end_of_record
TN:
SF:src/domain/models/Money.ts
FN:14,(anonymous_0)
FN:24,(anonymous_1)
FN:67,(anonymous_2)
FN:84,(anonymous_3)
FN:91,(anonymous_4)
FN:105,(anonymous_5)
FN:117,(anonymous_6)
FN:126,(anonymous_7)
FN:137,(anonymous_8)
FN:148,(anonymous_9)
FN:159,(anonymous_10)
FN:166,(anonymous_11)
FN:170,(anonymous_12)
FN:185,(anonymous_13)
FNF:14
FNH:11
FNDA:44,(anonymous_0)
FNDA:46,(anonymous_1)
FNDA:1,(anonymous_2)
FNDA:0,(anonymous_3)
FNDA:1,(anonymous_4)
FNDA:3,(anonymous_5)
FNDA:1,(anonymous_6)
FNDA:1,(anonymous_7)
FNDA:1,(anonymous_8)
FNDA:1,(anonymous_9)
FNDA:0,(anonymous_10)
FNDA:0,(anonymous_11)
FNDA:6,(anonymous_12)
FNDA:6,(anonymous_13)
DA:9,1
DA:15,44
DA:16,44
DA:17,44
DA:25,46
DA:26,2
DA:31,44
DA:32,1
DA:37,43
DA:38,0
DA:43,43
DA:44,2
DA:50,41
DA:51,0
DA:55,41
DA:56,0
DA:61,41
DA:68,1
DA:69,1
DA:70,1
DA:71,1
DA:72,1
DA:74,1
DA:75,0
DA:78,1
DA:85,0
DA:92,1
DA:93,1
DA:94,1
DA:95,1
DA:96,1
DA:97,0
DA:99,1
DA:106,3
DA:107,2
DA:108,2
DA:109,2
DA:110,2
DA:111,2
DA:118,1
DA:119,1
DA:120,1
DA:127,1
DA:128,1
DA:129,1
DA:131,0
DA:138,1
DA:139,1
DA:140,1
DA:142,0
DA:149,1
DA:160,0
DA:167,0
DA:171,6
DA:172,1
DA:182,1
DA:183,6
DA:186,6
DA:187,6
LF:59
LH:49
BRDA:25,0,0,2
BRDA:25,1,0,46
BRDA:25,1,1,45
BRDA:31,2,0,1
BRDA:37,3,0,0
BRDA:43,4,0,2
BRDA:43,5,0,43
BRDA:43,5,1,42
BRDA:50,6,0,0
BRDA:50,7,0,41
BRDA:50,7,1,41
BRDA:55,8,0,0
BRDA:55,9,0,41
BRDA:55,9,1,0
BRDA:70,10,0,1
BRDA:70,10,1,0
BRDA:74,11,0,0
BRDA:92,12,0,0
BRDA:92,12,1,1
BRDA:92,13,0,1
BRDA:92,13,1,1
BRDA:96,14,0,0
BRDA:128,15,0,1
BRDA:139,16,0,1
BRDA:150,17,0,1
BRDA:150,17,1,1
BRDA:150,17,2,1
BRDA:160,18,0,0
BRDA:160,18,1,0
BRDA:167,19,0,0
BRDA:167,19,1,0
BRDA:167,19,2,0
BRDA:171,20,0,1
BRF:33
BRH:20
end_of_record
TN:
SF:src/domain/models/Product.ts
FN:15,(anonymous_0)
FN:22,(anonymous_1)
FN:45,(anonymous_2)
FN:61,(anonymous_3)
FN:84,(anonymous_4)
FN:95,(anonymous_5)
FN:131,(anonymous_6)
FN:140,(anonymous_7)
FN:147,(anonymous_8)
FN:154,(anonymous_9)
FN:178,(anonymous_10)
FN:189,(anonymous_11)
FN:195,(anonymous_12)
FN:252,(anonymous_13)
FN:262,(anonymous_14)
FN:273,(anonymous_15)
FN:286,(anonymous_16)
FN:301,(anonymous_17)
FN:312,(anonymous_18)
FN:322,(anonymous_19)
FN:331,(anonymous_20)
FNF:21
FNH:18
FNDA:1,(anonymous_0)
FNDA:1,(anonymous_1)
FNDA:26,(anonymous_2)
FNDA:5,(anonymous_3)
FNDA:23,(anonymous_4)
FNDA:4,(anonymous_5)
FNDA:3,(anonymous_6)
FNDA:3,(anonymous_7)
FNDA:0,(anonymous_8)
FNDA:5,(anonymous_9)
FNDA:7,(anonymous_10)
FNDA:4,(anonymous_11)
FNDA:3,(anonymous_12)
FNDA:2,(anonymous_13)
FNDA:5,(anonymous_14)
FNDA:0,(anonymous_15)
FNDA:3,(anonymous_16)
FNDA:1,(anonymous_17)
FNDA:0,(anonymous_18)
FNDA:1,(anonymous_19)
FNDA:2,(anonymous_20)
DA:15,1
DA:16,1
DA:17,1
DA:18,1
DA:19,1
DA:22,1
DA:23,1
DA:24,1
DA:25,1
DA:26,1
DA:33,1
DA:46,26
DA:47,26
DA:48,26
DA:49,26
DA:50,26
DA:51,26
DA:52,26
DA:53,26
DA:54,26
DA:55,26
DA:62,5
DA:63,4
DA:64,3
DA:66,3
DA:67,3
DA:85,23
DA:96,4
DA:97,2
DA:98,2
DA:100,4
DA:101,0
DA:103,4
DA:104,0
DA:106,4
DA:107,0
DA:108,0
DA:110,4
DA:111,0
DA:113,4
DA:114,2
DA:115,2
DA:116,1
DA:122,1
DA:124,3
DA:125,3
DA:132,3
DA:133,3
DA:134,3
DA:141,3
DA:148,0
DA:155,5
DA:156,0
DA:160,5
DA:161,5
DA:162,2
DA:168,3
DA:169,3
DA:170,3
DA:171,3
DA:179,7
DA:180,1
DA:182,6
DA:183,0
DA:190,4
DA:191,1
DA:196,3
DA:197,0
DA:201,3
DA:202,0
DA:249,1
DA:250,2
DA:253,2
DA:254,2
DA:258,1
DA:259,5
DA:263,5
DA:264,5
DA:265,5
DA:269,1
DA:270,0
DA:274,0
DA:275,0
DA:276,0
DA:280,1
DA:281,3
DA:287,3
DA:290,3
DA:291,3
DA:292,3
DA:293,3
DA:297,1
DA:298,1
DA:302,1
DA:303,1
DA:304,1
DA:308,1
DA:309,0
DA:313,0
DA:314,0
DA:315,0
DA:319,1
DA:320,1
DA:323,1
DA:324,1
DA:328,1
DA:329,2
DA:332,2
DA:333,2
LF:109
LH:91
BRDA:15,0,0,1
BRDA:15,0,1,1
BRDA:22,1,0,1
BRDA:22,1,1,1
BRDA:70,2,0,3
BRDA:70,2,1,0
BRDA:73,3,0,3
BRDA:73,3,1,0
BRDA:96,4,0,2
BRDA:100,5,0,0
BRDA:103,6,0,0
BRDA:106,7,0,0
BRDA:110,8,0,0
BRDA:113,9,0,2
BRDA:115,10,0,1
BRDA:141,11,0,3
BRDA:141,11,1,2
BRDA:155,12,0,0
BRDA:161,13,0,2
BRDA:179,14,0,1
BRDA:179,15,0,7
BRDA:179,15,1,6
BRDA:182,16,0,0
BRDA:190,17,0,1
BRDA:190,18,0,4
BRDA:190,18,1,3
BRDA:196,19,0,0
BRDA:201,20,0,0
BRDA:322,21,0,1
BRF:29
BRH:19
end_of_record
TN:
SF:src/domain/ports/inbound/SearchCatalog.ts
FN:16,(anonymous_0)
FNF:1
FNH:1
FNDA:1,(anonymous_0)
DA:16,1
DA:17,1
DA:18,1
DA:19,1
DA:20,1
DA:21,1
LF:6
LH:6
BRDA:16,0,0,1
BRDA:16,0,1,1
BRF:2
BRH:2
end_of_record
TN:
SF:src/domain/services/CatalogService.ts
FN:52,(anonymous_0)
FN:66,(anonymous_1)
FN:82,(anonymous_2)
FN:120,(anonymous_3)
FN:139,(anonymous_4)
FN:163,(anonymous_5)
FN:191,(anonymous_6)
FN:248,(anonymous_7)
FN:291,(anonymous_8)
FN:312,(anonymous_9)
FN:336,(anonymous_10)
FN:361,(anonymous_11)
FN:372,(anonymous_12)
FNF:13
FNH:12
FNDA:26,(anonymous_0)
FNDA:0,(anonymous_1)
FNDA:4,(anonymous_2)
FNDA:3,(anonymous_3)
FNDA:4,(anonymous_4)
FNDA:1,(anonymous_5)
FNDA:5,(anonymous_6)
FNDA:4,(anonymous_7)
FNDA:15,(anonymous_8)
FNDA:2,(anonymous_9)
FNDA:4,(anonymous_10)
FNDA:1,(anonymous_11)
FNDA:1,(anonymous_12)
DA:23,1
DA:47,1
DA:53,26
DA:54,26
DA:55,26
DA:67,0
DA:68,0
DA:70,0
DA:71,0
DA:73,0
DA:74,0
DA:76,0
DA:77,0
DA:79,0
DA:84,4
DA:91,4
DA:92,4
DA:103,2
DA:106,2
DA:107,2
DA:113,2
DA:121,3
DA:123,3
DA:124,1
DA:128,2
DA:129,1
DA:132,1
DA:141,4
DA:142,1
DA:147,3
DA:148,1
DA:153,2
DA:154,2
DA:163,1
DA:171,1
DA:180,1
DA:181,1
DA:183,0
DA:193,5
DA:194,5
DA:195,1
DA:198,4
DA:200,4
DA:202,2
DA:203,2
DA:204,1
DA:207,1
DA:210,1
DA:211,1
DA:216,1
DA:225,2
DA:226,2
DA:229,2
DA:230,2
DA:235,2
DA:259,4
DA:260,4
DA:261,1
DA:271,3
DA:273,3
DA:274,0
DA:281,3
DA:290,3
DA:291,15
DA:294,3
DA:296,2
DA:299,2
DA:300,2
DA:305,2
DA:323,2
DA:324,2
DA:341,4
DA:342,4
DA:343,1
DA:346,3
DA:347,3
DA:349,2
DA:351,2
DA:365,1
DA:372,1
DA:387,1
LF:81
LH:70
BRDA:67,0,0,0
BRDA:67,1,0,0
BRDA:67,1,1,0
BRDA:67,1,2,0
BRDA:70,2,0,0
BRDA:70,3,0,0
BRDA:70,3,1,0
BRDA:70,3,2,0
BRDA:70,3,3,0
BRDA:73,4,0,0
BRDA:76,5,0,0
BRDA:76,6,0,0
BRDA:76,6,1,0
BRDA:123,7,0,1
BRDA:128,8,0,1
BRDA:141,9,0,1
BRDA:147,10,0,1
BRDA:147,11,0,3
BRDA:147,11,1,2
BRDA:180,12,0,1
BRDA:194,13,0,1
BRDA:200,14,0,2
BRDA:203,15,0,1
BRDA:260,16,0,1
BRDA:273,17,0,0
BRDA:342,18,0,1
BRDA:376,19,0,0
BRDA:376,19,1,1
BRF:28
BRH:13
end_of_record
TN:
SF:src/infrastructure/config/config.ts
FN:74,(anonymous_0)
FN:97,envString
FN:102,envInt
FN:113,envBool
FN:121,envFloat
FN:136,loadConfig
FN:188,validateConfig
FN:194,(anonymous_7)
FN:206,logConfigSummary
FNF:9
FNH:8
FNDA:4,(anonymous_0)
FNDA:52,envString
FNDA:40,envInt
FNDA:36,envBool
FNDA:4,envFloat
FNDA:4,loadConfig
FNDA:4,validateConfig
FNDA:2,(anonymous_7)
FNDA:0,logConfigSummary
DA:9,1
DA:15,1
DA:21,1
DA:33,1
DA:39,1
DA:51,1
DA:58,1
DA:65,1
DA:74,4
DA:98,52
DA:99,52
DA:103,40
DA:104,40
DA:105,6
DA:106,6
DA:107,6
DA:110,34
DA:114,36
DA:115,36
DA:116,2
DA:118,34
DA:122,4
DA:123,4
DA:124,0
DA:125,0
DA:126,0
DA:129,4
DA:136,1
DA:137,4
DA:185,4
DA:189,4
DA:190,4
DA:192,2
DA:193,2
DA:194,2
DA:196,2
DA:206,1
DA:207,0
LF:38
LH:34
BRDA:99,0,0,7
BRDA:99,0,1,45
BRDA:99,1,0,52
BRDA:99,1,1,7
BRDA:104,2,0,6
BRDA:104,3,0,40
BRDA:104,3,1,6
BRDA:106,4,0,6
BRDA:115,5,0,2
BRDA:115,6,0,36
BRDA:115,6,1,2
BRDA:116,7,0,2
BRDA:116,7,1,1
BRDA:123,8,0,0
BRDA:123,9,0,4
BRDA:123,9,1,0
BRDA:125,10,0,0
BRF:17
BRH:14
end_of_record
TN:
SF:src/infrastructure/di/container.ts
FN:37,createContainer
FN:108,(anonymous_1)
FN:146,createNoOpSearchIndex
FN:148,(anonymous_3)
FN:149,(anonymous_4)
FN:150,(anonymous_5)
FN:159,(anonymous_6)
FN:160,(anonymous_7)
FN:161,(anonymous_8)
FN:169,shutdownContainer
FNF:10
FNH:0
FNDA:0,createContainer
FNDA:0,(anonymous_1)
FNDA:0,createNoOpSearchIndex
FNDA:0,(anonymous_3)
FNDA:0,(anonymous_4)
FNDA:0,(anonymous_5)
FNDA:0,(anonymous_6)
FNDA:0,(anonymous_7)
FNDA:0,(anonymous_8)
FNDA:0,shutdownContainer
DA:9,0
DA:10,0
DA:11,0
DA:12,0
DA:13,0
DA:14,0
DA:15,0
DA:16,0
DA:37,0
DA:39,0
DA:48,0
DA:58,0
DA:61,0
DA:63,0
DA:76,0
DA:77,0
DA:78,0
DA:80,0
DA:86,0
DA:93,0
DA:101,0
DA:103,0
DA:108,0
DA:112,0
DA:114,0
DA:116,0
DA:123,0
DA:129,0
DA:131,0
DA:147,0
DA:151,0
DA:161,0
DA:169,0
DA:170,0
DA:171,0
DA:174,0
DA:175,0
DA:177,0
DA:180,0
DA:181,0
DA:183,0
DA:187,0
DA:188,0
DA:190,0
DA:194,0
DA:195,0
DA:197,0
DA:201,0
DA:202,0
DA:204,0
DA:207,0
LF:51
LH:0
BRDA:72,0,0,0
BRDA:72,0,1,0
BRDA:81,1,0,0
BRDA:81,1,1,0
BRDA:105,2,0,0
BRDA:105,2,1,0
BRDA:177,3,0,0
BRDA:177,3,1,0
BRDA:183,4,0,0
BRDA:183,4,1,0
BRDA:190,5,0,0
BRDA:190,5,1,0
BRDA:197,6,0,0
BRDA:197,6,1,0
BRDA:204,7,0,0
BRDA:204,7,1,0
BRF:16
BRH:0
end_of_record
TN:
SF:src/infrastructure/server/server.ts
FN:16,startServer
FN:76,stopServer
FNF:2
FNH:0
FNDA:0,startServer
FNDA:0,stopServer
DA:9,0
DA:16,0
DA:17,0
DA:20,0
DA:23,0
DA:24,0
DA:25,0
DA:26,0
DA:28,0
DA:36,0
DA:37,0
DA:38,0
DA:40,0
DA:44,0
DA:45,0
DA:47,0
DA:51,0
DA:55,0
DA:56,0
DA:58,0
DA:62,0
DA:65,0
DA:76,0
DA:77,0
DA:78,0
LF:25
LH:0
BRDA:23,0,0,0
BRDA:29,1,0,0
BRDA:29,1,1,0
BRDA:37,2,0,0
BRDA:37,2,1,0
BRDA:48,3,0,0
BRDA:48,3,1,0
BRDA:59,4,0,0
BRDA:59,4,1,0
BRF:9
BRH:0
end_of_record
